<?xml version="1.0" encoding="UTF-8"?>
<testng-results ignored="0" total="1" passed="1" failed="0" skipped="0">
  <reporter-output>
  </reporter-output>
  <suite started-at="2021-10-13T11:38:56 IST" name="Default suite" finished-at="2021-10-13T11:39:33 IST" duration-ms="37496">
    <groups>
    </groups>
    <test started-at="2021-10-13T11:38:56 IST" name="Default test" finished-at="2021-10-13T11:39:33 IST" duration-ms="37496">
      <class name="pageobjectmodel.loginmoneyrediff">
        <test-method signature="Login()[pri:0, instance:pageobjectmodel.loginmoneyrediff@4d02f94e]" started-at="2021-10-13T11:38:56 IST" name="Login" finished-at="2021-10-13T11:39:33 IST" duration-ms="37446" status="PASS">
          <reporter-output>
          </reporter-output>
        </test-method> <!-- Login -->
      </class> <!-- pageobjectmodel.loginmoneyrediff -->
    </test> <!-- Default test -->
  </suite> <!-- Default suite -->
</testng-results>
