<?xml version="1.0" encoding="UTF-8"?>
<testng-results ignored="0" total="2" passed="2" failed="0" skipped="0">
  <reporter-output>
  </reporter-output>
  <suite started-at="2021-10-06T14:38:38 IST" name="Suite" finished-at="2021-10-06T14:39:26 IST" duration-ms="47996">
    <groups>
    </groups>
    <test started-at="2021-10-06T14:38:38 IST" name="ChromeTest" finished-at="2021-10-06T14:38:54 IST" duration-ms="16085">
      <class name="testng.SeleniumMultiBrowserProgram">
        <test-method is-config="true" signature="show(java.lang.String)[pri:0, instance:testng.SeleniumMultiBrowserProgram@ea6147e]" started-at="2021-10-06T14:38:38 IST" name="show" finished-at="2021-10-06T14:38:46 IST" duration-ms="7907" status="PASS">
          <params>
            <param index="0">
              <value>
                <![CDATA[Chrome]]>
              </value>
            </param>
          </params>
          <reporter-output>
          </reporter-output>
        </test-method> <!-- show -->
        <test-method signature="test()[pri:0, instance:testng.SeleniumMultiBrowserProgram@ea6147e]" started-at="2021-10-06T14:38:46 IST" name="test" finished-at="2021-10-06T14:38:54 IST" duration-ms="7699" status="PASS">
          <reporter-output>
          </reporter-output>
        </test-method> <!-- test -->
        <test-method is-config="true" signature="windowexit()[pri:0, instance:testng.SeleniumMultiBrowserProgram@ea6147e]" started-at="2021-10-06T14:38:54 IST" name="windowexit" finished-at="2021-10-06T14:38:54 IST" duration-ms="401" status="PASS">
          <reporter-output>
          </reporter-output>
        </test-method> <!-- windowexit -->
      </class> <!-- testng.SeleniumMultiBrowserProgram -->
    </test> <!-- ChromeTest -->
    <test started-at="2021-10-06T14:38:55 IST" name="FirefoxTest" finished-at="2021-10-06T14:39:26 IST" duration-ms="31787">
      <class name="testng.SeleniumMultiBrowserProgram">
        <test-method is-config="true" signature="show(java.lang.String)[pri:0, instance:testng.SeleniumMultiBrowserProgram@7205765b]" started-at="2021-10-06T14:38:55 IST" name="show" finished-at="2021-10-06T14:39:10 IST" duration-ms="15841" status="PASS">
          <params>
            <param index="0">
              <value>
                <![CDATA[Firefox]]>
              </value>
            </param>
          </params>
          <reporter-output>
          </reporter-output>
        </test-method> <!-- show -->
        <test-method signature="test()[pri:0, instance:testng.SeleniumMultiBrowserProgram@7205765b]" started-at="2021-10-06T14:39:10 IST" name="test" finished-at="2021-10-06T14:39:23 IST" duration-ms="12912" status="PASS">
          <reporter-output>
          </reporter-output>
        </test-method> <!-- test -->
        <test-method is-config="true" signature="windowexit()[pri:0, instance:testng.SeleniumMultiBrowserProgram@7205765b]" started-at="2021-10-06T14:39:23 IST" name="windowexit" finished-at="2021-10-06T14:39:26 IST" duration-ms="3028" status="PASS">
          <reporter-output>
          </reporter-output>
        </test-method> <!-- windowexit -->
      </class> <!-- testng.SeleniumMultiBrowserProgram -->
    </test> <!-- FirefoxTest -->
  </suite> <!-- Suite -->
</testng-results>
